TextStats: changes log

ToDo:
- List and quantity of unique words

Version 1.5:
• Windows: app has been migrated to .NET 10;
• Android: app has been targeted to API 36;
• Internal assemblies have been updated

Version 1.4.5:
• Android: MAUI support packages have been updated;
• Windows: internal assemblies have been updated;
• XPUN / IOP update has been applied

Version 1.4.2:
• Added support for new offline help provider;
• Android: MAUI support packages have been updated

Version 1.4.1:
• Android: fix for MAUI interface defect that allows application to crash by pressing
  system Back button on the main page. Applicable, therefore, only to the main page

Version 1.4:
• Windows: the application has been migrated to .NET 9.0 from .NET Framework 4.8.1;
• Android: MAUI support packages have been updated

Version 1.3.5:
• Current updates have been applied;
• Android: MAUI support packages have been updated

Version 1.3.4:
• Core assemblies have been updated

Version 1.3.3:
• Android: MAUI support packages have been updated

Version 1.3.2:
• Access and appearance of the Lab Policy have been updated;
• Android: app target API has been upgraded to 35;
• Android: MAUI support packages have been updated

Version 1.3:
• Implemented the search for specified word or phrase (thanks to @MecyJere);
• Windows: added some useful hotkeys;
• Android: fixed the fatal bug with file loading

Version 1.2.2:
• The “App about” interface has been updated;
• Android: MAUI support packages have been updated

Version 1.2:
• Implemented the paragraphs processing;
• Sort and output algorithms have been rewritten and simplified;
• Windows: added the clipboard button

Version 1.1:
• Implemented the set of selectable sections for the statistics;
• Updated the stats presentation;
• Fixed some minor miscalculations;
• Android: fixed missing name for stats section

Version 1.0:
• Initial commit
